[12:22:56] [main/INFO]: Setting user: vlade1k
[12:22:58] [Client thread/INFO]: LWJGL Version: 2.9.1
[12:23:14] [Client thread/INFO]: Reloading ResourceManager: Default, FMLFileResourcePack:Forge Mod Loader, FMLFileResourcePack:Minecraft Forge, FMLFileResourcePack:Chest Mod
[12:23:15] [Sound Library Loader/INFO]: Sound engine started
[12:23:17] [Client thread/INFO]: Created: 16x16 textures/blocks-atlas
[12:23:17] [Client thread/INFO]: Created: 16x16 textures/items-atlas
[12:23:17] [Client thread/INFO]: Reloading ResourceManager: Default, FMLFileResourcePack:Forge Mod Loader, FMLFileResourcePack:Minecraft Forge, FMLFileResourcePack:Chest Mod
[12:23:18] [Client thread/INFO]: Created: 512x256 textures/blocks-atlas
[12:23:18] [Client thread/INFO]: Created: 256x256 textures/items-atlas
[12:23:20] [Sound Library Loader/INFO]: Sound engine started
[12:23:31] [Server thread/INFO]: Starting integrated minecraft server version 1.7.10
[12:23:31] [Server thread/INFO]: Generating keypair
[12:23:32] [Server thread/INFO]: Preparing start region for level 0
[12:23:33] [Server thread/INFO]: Changing view distance to 12, from 10
[12:23:34] [Server thread/INFO]: vlade1k[local:E:3a3ad71a] logged in with entity id 328 at (257.1839657911697, 72.0, 185.97996799631366)
[12:23:34] [Server thread/INFO]: vlade1k joined the game
[12:23:37] [Server thread/WARN]: Can't keep up! Did the system time change, or is the server overloaded? Running 2793ms behind, skipping 55 tick(s)
[12:24:24] [Server thread/INFO]: Saving and pausing game...
[12:24:24] [Server thread/INFO]: Saving chunks for level 'New World'/Overworld
[12:24:24] [Server thread/INFO]: Saving chunks for level 'New World'/Nether
[12:24:24] [Server thread/INFO]: Saving chunks for level 'New World'/The End
[12:24:25] [Server thread/INFO]: Stopping server
[12:24:25] [Server thread/INFO]: Saving players
[12:24:25] [Server thread/INFO]: Saving worlds
[12:24:25] [Server thread/INFO]: Saving chunks for level 'New World'/Overworld
[12:24:25] [Server thread/INFO]: Saving chunks for level 'New World'/Nether
[12:24:25] [Server thread/INFO]: Saving chunks for level 'New World'/The End
[12:24:29] [Client thread/INFO]: Stopping!
