#
# A fatal error has been detected by the Java Runtime Environment:
#
#  EXCEPTION_ACCESS_VIOLATION (0xc0000005) at pc=0x00007ffb4a8a6752, pid=26384, tid=0x0000000000006a34
#
# JRE version: Java(TM) SE Runtime Environment (8.0_231-b11) (build 1.8.0_231-b11)
# Java VM: Java HotSpot(TM) 64-Bit Server VM (25.231-b11 mixed mode windows-amd64 compressed oops)
# Problematic frame:
# C  [igxelpicd64.dll+0x1a6752]
#
# Failed to write core dump. Minidumps are not enabled by default on client versions of Windows
#
# If you would like to submit a bug report, please visit:
#   http://bugreport.java.com/bugreport/crash.jsp
#

---------------  T H R E A D  ---------------

Current thread (0x0000000015fb6000):  VMThread [stack: 0x00000000167d0000,0x00000000168d0000] [id=27188]

siginfo: ExceptionCode=0xc0000005, reading address 0x0000000000035728

Registers:
RAX=0x0000000022f84948, RBX=0x0000000022f84840, RCX=0x0000000000000000, RDX=0x00000000fffffff0
RSP=0x00000000168ce870, RBP=0x0000000000000000, RSI=0x0000000022f84e10, RDI=0x000000001d8fec30
R8 =0x0000000000000014, R9 =0x0000000000000000, R10=0x0000000000000000, R11=0x0000000000000246
R12=0x000000001d859300, R13=0x0000000022f813c0, R14=0x0000000000065300, R15=0x0000000000000016
RIP=0x00007ffb4a8a6752, EFLAGS=0x0000000000010206

Top of Stack: (sp=0x00000000168ce870)
0x00000000168ce870:   0000000000beb5b0 00007ffbb27e0070
0x00000000168ce880:   00000000168ce8f0 00007ffbb3a10e64
0x00000000168ce890:   0000000000000011 00000000168cedf0
0x00000000168ce8a0:   0000000068795540 00000000168ce8b0
0x00000000168ce8b0:   000000000000000c 0000000000065399
0x00000000168ce8c0:   0000b8022df00000 000000001d859370
0x00000000168ce8d0:   0000000000000000 0000000000000000
0x00000000168ce8e0:   00000000168ce9f0 00007ffb4a8629bf
0x00000000168ce8f0:   0000000000beb5b0 000000001d8fec30
0x00000000168ce900:   00000000168ceb00 00000000007f0b00
0x00000000168ce910:   0000000000005d98 0000000000000000
0x00000000168ce920:   0000000000000000 0053002b002b0033
0x00000000168ce930:   00000202002b002b 00007ffbb398d23b
0x00000000168ce940:   0000000000000001 00000000168ceaf0
0x00000000168ce950:   0000000000000002 00000000007e0000
0x00000000168ce960:   00007ffbb39d79a0 00000004f46857d4 

Instructions: (pc=0x00007ffb4a8a6752)
0x00007ffb4a8a6732:   83 74 01 00 00 4a 8d 04 cd 21 00 00 00 49 03 c1
0x00007ffb4a8a6742:   48 8d 04 c3 48 85 c0 0f 85 4a 01 00 00 49 8b ca
0x00007ffb4a8a6752:   48 3b 8d 28 57 03 00 0f 87 ac b6 7e 00 48 8d 93
0x00007ffb4a8a6762:   08 01 00 00 4c 39 93 48 06 00 00 0f 85 17 b8 7e 


Register to memory mapping:

RAX=
[error occurred during error reporting (printing register info), id 0xc0000005]

Stack: [0x00000000167d0000,0x00000000168d0000],  sp=0x00000000168ce870,  free space=1018k
Native frames: (J=compiled Java code, j=interpreted, Vv=VM code, C=native code)

VM_Operation (0x00000000232ff380): Exit, mode: safepoint, requested by thread 0x000000001cef0800


---------------  P R O C E S S  ---------------

Java Threads: ( => current thread )
  0x000000001cef0800 JavaThread "SIGINT handler" daemon [_thread_blocked, id=24824, stack(0x0000000023200000,0x0000000023300000)]
  0x000000001ceee000 JavaThread "Thread-11" [_thread_blocked, id=17064, stack(0x000000003e300000,0x000000003e400000)]
  0x000000001cef5000 JavaThread "Thread-10" [_thread_blocked, id=14896, stack(0x000000003e100000,0x000000003e200000)]
  0x00000000185de800 JavaThread "LWJGL Timer" daemon [_thread_blocked, id=21608, stack(0x0000000029c80000,0x0000000029d80000)]
  0x000000001cb51000 JavaThread "Java2D Disposer" daemon [_thread_blocked, id=22164, stack(0x000000001d5c0000,0x000000001d6c0000)]
  0x000000001bafb800 JavaThread "Timer hack thread" daemon [_thread_blocked, id=27392, stack(0x000000001bed0000,0x000000001bfd0000)]
  0x000000001a52f000 JavaThread "Snooper Timer" daemon [_thread_blocked, id=23960, stack(0x000000001a910000,0x000000001aa10000)]
  0x0000000016c8d000 JavaThread "Service Thread" daemon [_thread_blocked, id=25320, stack(0x00000000176e0000,0x00000000177e0000)]
  0x0000000016c2e800 JavaThread "C1 CompilerThread2" daemon [_thread_blocked, id=25812, stack(0x00000000175e0000,0x00000000176e0000)]
  0x0000000016c29800 JavaThread "C2 CompilerThread1" daemon [_thread_blocked, id=25952, stack(0x00000000174e0000,0x00000000175e0000)]
  0x0000000016c28800 JavaThread "C2 CompilerThread0" daemon [_thread_blocked, id=10172, stack(0x00000000173e0000,0x00000000174e0000)]
  0x0000000016c26800 JavaThread "Monitor Ctrl-Break" daemon [_thread_in_native, id=23724, stack(0x00000000172e0000,0x00000000173e0000)]
  0x0000000015fcd000 JavaThread "Attach Listener" daemon [_thread_blocked, id=16208, stack(0x00000000171e0000,0x00000000172e0000)]
  0x0000000015fcb800 JavaThread "Signal Dispatcher" daemon [_thread_blocked, id=10964, stack(0x00000000170e0000,0x00000000171e0000)]
  0x000000001690e800 JavaThread "Surrogate Locker Thread (Concurrent GC)" daemon [_thread_blocked, id=9044, stack(0x0000000016fe0000,0x00000000170e0000)]
  0x0000000015fc6000 JavaThread "Finalizer" daemon [_thread_blocked, id=25456, stack(0x0000000016dd0000,0x0000000016ed0000)]
  0x00000000168f0800 JavaThread "Reference Handler" daemon [_thread_blocked, id=25120, stack(0x0000000016cd0000,0x0000000016dd0000)]
  0x0000000002b98000 JavaThread "Client thread" [_thread_blocked, id=19412, stack(0x0000000002a90000,0x0000000002b90000)]

Other Threads:
=>0x0000000015fb6000 VMThread [stack: 0x00000000167d0000,0x00000000168d0000] [id=27188]

VM state:at safepoint (shutting down)

VM Mutex/Monitor currently owned by a thread:  ([mutex/lock_event])
[0x00000000010dd230] Threads_lock - owner thread: 0x0000000015fb6000

heap address: 0x00000000c0000000, size: 1024 MB, Compressed Oops mode: 32-bit
Narrow klass base: 0x0000000000000000, Narrow klass shift: 3
Compressed class space size: 1073741824 Address: 0x0000000100000000

Heap:
 par new generation   total 306688K, used 157074K [0x00000000c0000000, 0x00000000d4cc0000, 0x00000000d4cc0000)
  eden space 272640K,  53% used [0x00000000c0000000, 0x00000000c8e22998, 0x00000000d0a40000)
  from space 34048K,  33% used [0x00000000d0a40000, 0x00000000d1581f80, 0x00000000d2b80000)
  to   space 34048K,   0% used [0x00000000d2b80000, 0x00000000d2b80000, 0x00000000d4cc0000)
 concurrent mark-sweep generation total 707840K, used 57467K [0x00000000d4cc0000, 0x0000000100000000, 0x0000000100000000)
 Metaspace       used 31066K, capacity 31325K, committed 31872K, reserved 1077248K
  class space    used 3779K, capacity 3868K, committed 3968K, reserved 1048576K

Card table byte_map: [0x0000000012610000,0x0000000012820000] byte_map_base: 0x0000000012010000

Marking Bits: (CMSBitMap*) 0x0000000002bf00f8
 Bits: [0x0000000012dc0000, 0x000000001388d000)

Mod Union Table: (CMSBitMap*) 0x0000000002bf01b8
 Bits: [0x00000000028c0000, 0x00000000028eb340)

Polling page: 0x00000000010b0000

CodeCache: size=245760Kb used=13971Kb max_used=13977Kb free=231788Kb
 bounds [0x0000000002e50000, 0x0000000003c20000, 0x0000000011e50000]
 total_blobs=4505 nmethods=3812 adapters=604
 compilation: enabled

Compilation events (10 events):
Event: 34.194 Thread 0x0000000016c2e800 4976   !   3       net.minecraft.client.audio.SoundManager$SoundSystemStarterThread::playing (85 bytes)
Event: 34.194 Thread 0x0000000016c2e800 nmethod 4976 0x0000000003a33210 code [0x0000000003a333e0, 0x0000000003a33e98]
Event: 34.496 Thread 0x0000000016c29800 4977       4       org.lwjgl.opengl.WindowsMouse::poll (183 bytes)
Event: 34.500 Thread 0x0000000016c29800 nmethod 4977 0x0000000003a34cd0 code [0x0000000003a34e20, 0x0000000003a35398]
Event: 34.594 Thread 0x0000000016c2e800 4978       3       com.google.common.collect.HashBiMap$Itr::<init> (36 bytes)
Event: 34.594 Thread 0x0000000016c2e800 nmethod 4978 0x00000000033d9350 code [0x00000000033d94c0, 0x00000000033d96d0]
Event: 34.760 Thread 0x0000000016c2e800 4979  s    3       java.util.Hashtable::containsKey (65 bytes)
Event: 34.761 Thread 0x0000000016c2e800 nmethod 4979 0x0000000003a327d0 code [0x0000000003a32960, 0x0000000003a32f98]
Event: 34.764 Thread 0x0000000016c2e800 4980       3       org.apache.logging.log4j.core.helpers.NameUtil::getSubName (32 bytes)
Event: 34.764 Thread 0x0000000016c2e800 nmethod 4980 0x00000000033065d0 code [0x0000000003306760, 0x0000000003306cf8]

GC Heap History (10 events):
Event: 13.488 GC heap before
{Heap before GC invocations=4 (full 3):
 par new generation   total 306688K, used 304460K [0x00000000c0000000, 0x00000000d4cc0000, 0x00000000d4cc0000)
  eden space 272640K, 100% used [0x00000000c0000000, 0x00000000d0a40000, 0x00000000d0a40000)
  from space 34048K,  93% used [0x00000000d2b80000, 0x00000000d4a931c8, 0x00000000d4cc0000)
  to   space 34048K,   0% used [0x00000000d0a40000, 0x00000000d0a40000, 0x00000000d2b80000)
 concurrent mark-sweep generation total 707840K, used 22552K [0x00000000d4cc0000, 0x0000000100000000, 0x0000000100000000)
 Metaspace       used 26014K, capacity 26217K, committed 26624K, reserved 1073152K
  class space    used 3165K, capacity 3216K, committed 3328K, reserved 1048576K
Event: 13.565 GC heap after
Heap after GC invocations=5 (full 3):
 par new generation   total 306688K, used 34048K [0x00000000c0000000, 0x00000000d4cc0000, 0x00000000d4cc0000)
  eden space 272640K,   0% used [0x00000000c0000000, 0x00000000c0000000, 0x00000000d0a40000)
  from space 34048K, 100% used [0x00000000d0a40000, 0x00000000d2b80000, 0x00000000d2b80000)
  to   space 34048K,   0% used [0x00000000d2b80000, 0x00000000d2b80000, 0x00000000d4cc0000)
 concurrent mark-sweep generation total 707840K, used 54589K [0x00000000d4cc0000, 0x0000000100000000, 0x0000000100000000)
 Metaspace       used 26014K, capacity 26217K, committed 26624K, reserved 1073152K
  class space    used 3165K, capacity 3216K, committed 3328K, reserved 1048576K
}
Event: 16.197 GC heap before
{Heap before GC invocations=5 (full 3):
 par new generation   total 306688K, used 306688K [0x00000000c0000000, 0x00000000d4cc0000, 0x00000000d4cc0000)
  eden space 272640K, 100% used [0x00000000c0000000, 0x00000000d0a40000, 0x00000000d0a40000)
  from space 34048K, 100% used [0x00000000d0a40000, 0x00000000d2b80000, 0x00000000d2b80000)
  to   space 34048K,   0% used [0x00000000d2b80000, 0x00000000d2b80000, 0x00000000d4cc0000)
 concurrent mark-sweep generation total 707840K, used 54465K [0x00000000d4cc0000, 0x0000000100000000, 0x0000000100000000)
 Metaspace       used 26023K, capacity 26217K, committed 26624K, reserved 1073152K
  class space    used 3165K, capacity 3216K, committed 3328K, reserved 1048576K
Event: 16.268 GC heap after
Heap after GC invocations=6 (full 3):
 par new generation   total 306688K, used 34048K [0x00000000c0000000, 0x00000000d4cc0000, 0x00000000d4cc0000)
  eden space 272640K,   0% used [0x00000000c0000000, 0x00000000c0000000, 0x00000000d0a40000)
  from space 34048K, 100% used [0x00000000d2b80000, 0x00000000d4cc0000, 0x00000000d4cc0000)
  to   space 34048K,   0% used [0x00000000d0a40000, 0x00000000d0a40000, 0x00000000d2b80000)
 concurrent mark-sweep generation total 707840K, used 113556K [0x00000000d4cc0000, 0x0000000100000000, 0x0000000100000000)
 Metaspace       used 26023K, capacity 26217K, committed 26624K, reserved 1073152K
  class space    used 3165K, capacity 3216K, committed 3328K, reserved 1048576K
}
Event: 17.725 GC heap before
{Heap before GC invocations=6 (full 3):
 par new generation   total 306688K, used 306688K [0x00000000c0000000, 0x00000000d4cc0000, 0x00000000d4cc0000)
  eden space 272640K, 100% used [0x00000000c0000000, 0x00000000d0a40000, 0x00000000d0a40000)
  from space 34048K, 100% used [0x00000000d2b80000, 0x00000000d4cc0000, 0x00000000d4cc0000)
  to   space 34048K,   0% used [0x00000000d0a40000, 0x00000000d0a40000, 0x00000000d2b80000)
 concurrent mark-sweep generation total 707840K, used 113556K [0x00000000d4cc0000, 0x0000000100000000, 0x0000000100000000)
 Metaspace       used 27301K, capacity 27561K, committed 27904K, reserved 1073152K
  class space    used 3348K, capacity 3472K, committed 3584K, reserved 1048576K
Event: 17.768 GC heap after
Heap after GC invocations=7 (full 3):
 par new generation   total 306688K, used 34048K [0x00000000c0000000, 0x00000000d4cc0000, 0x00000000d4cc0000)
  eden space 272640K,   0% used [0x00000000c0000000, 0x00000000c0000000, 0x00000000d0a40000)
  from space 34048K, 100% used [0x00000000d0a40000, 0x00000000d2b80000, 0x00000000d2b80000)
  to   space 34048K,   0% used [0x00000000d2b80000, 0x00000000d2b80000, 0x00000000d4cc0000)
 concurrent mark-sweep generation total 707840K, used 135205K [0x00000000d4cc0000, 0x0000000100000000, 0x0000000100000000)
 Metaspace       used 27301K, capacity 27561K, committed 27904K, reserved 1073152K
  class space    used 3348K, capacity 3472K, committed 3584K, reserved 1048576K
}
Event: 19.820 GC heap before
{Heap before GC invocations=7 (full 4):
 par new generation   total 306688K, used 306688K [0x00000000c0000000, 0x00000000d4cc0000, 0x00000000d4cc0000)
  eden space 272640K, 100% used [0x00000000c0000000, 0x00000000d0a40000, 0x00000000d0a40000)
  from space 34048K, 100% used [0x00000000d0a40000, 0x00000000d2b80000, 0x00000000d2b80000)
  to   space 34048K,   0% used [0x00000000d2b80000, 0x00000000d2b80000, 0x00000000d4cc0000)
 concurrent mark-sweep generation total 707840K, used 135205K [0x00000000d4cc0000, 0x0000000100000000, 0x0000000100000000)
 Metaspace       used 30249K, capacity 30551K, committed 30976K, reserved 1077248K
  class space    used 3712K, capacity 3803K, committed 3840K, reserved 1048576K
Event: 19.838 GC heap after
Heap after GC invocations=8 (full 4):
 par new generation   total 306688K, used 12688K [0x00000000c0000000, 0x00000000d4cc0000, 0x00000000d4cc0000)
  eden space 272640K,   0% used [0x00000000c0000000, 0x00000000c0000000, 0x00000000d0a40000)
  from space 34048K,  37% used [0x00000000d2b80000, 0x00000000d37e4318, 0x00000000d4cc0000)
  to   space 34048K,   0% used [0x00000000d0a40000, 0x00000000d0a40000, 0x00000000d2b80000)
 concurrent mark-sweep generation total 707840K, used 141835K [0x00000000d4cc0000, 0x0000000100000000, 0x0000000100000000)
 Metaspace       used 30249K, capacity 30551K, committed 30976K, reserved 1077248K
  class space    used 3712K, capacity 3803K, committed 3840K, reserved 1048576K
}
Event: 21.993 GC heap before
{Heap before GC invocations=8 (full 4):
 par new generation   total 306688K, used 276697K [0x00000000c0000000, 0x00000000d4cc0000, 0x00000000d4cc0000)
  eden space 272640K,  96% used [0x00000000c0000000, 0x00000000d01d2458, 0x00000000d0a40000)
  from space 34048K,  37% used [0x00000000d2b80000, 0x00000000d37e4318, 0x00000000d4cc0000)
  to   space 34048K,   0% used [0x00000000d0a40000, 0x00000000d0a40000, 0x00000000d2b80000)
 concurrent mark-sweep generation total 707840K, used 85542K [0x00000000d4cc0000, 0x0000000100000000, 0x0000000100000000)
 Metaspace       used 30620K, capacity 30903K, committed 31232K, reserved 1077248K
  class space    used 3738K, capacity 3835K, committed 3840K, reserved 1048576K
Event: 21.999 GC heap after
Heap after GC invocations=9 (full 4):
 par new generation   total 306688K, used 11527K [0x00000000c0000000, 0x00000000d4cc0000, 0x00000000d4cc0000)
  eden space 272640K,   0% used [0x00000000c0000000, 0x00000000c0000000, 0x00000000d0a40000)
  from space 34048K,  33% used [0x00000000d0a40000, 0x00000000d1581f80, 0x00000000d2b80000)
  to   space 34048K,   0% used [0x00000000d2b80000, 0x00000000d2b80000, 0x00000000d4cc0000)
 concurrent mark-sweep generation total 707840K, used 85542K [0x00000000d4cc0000, 0x0000000100000000, 0x0000000100000000)
 Metaspace       used 30620K, capacity 30903K, committed 31232K, reserved 1077248K
  class space    used 3738K, capacity 3835K, committed 3840K, reserved 1048576K
}

Deoptimization events (10 events):
Event: 22.132 Thread 0x0000000002b98000 Uncommon trap: reason=speculate_class_check action=maybe_recompile pc=0x00000000032f215c method=net.minecraft.client.gui.FontRenderer.renderDefaultChar(IZ)F @ 35
Event: 23.301 Thread 0x000000001cef4000 Uncommon trap: reason=class_check action=maybe_recompile pc=0x0000000003585e88 method=java.util.SubList.<init>(Ljava/util/AbstractList;II)V @ 37
Event: 27.529 Thread 0x0000000002b98000 Uncommon trap: reason=unstable_if action=reinterpret pc=0x0000000003b10e30 method=java.net.URL.<init>(Ljava/net/URL;Ljava/lang/String;Ljava/net/URLStreamHandler;)V @ 30
Event: 27.529 Thread 0x0000000002b98000 Uncommon trap: reason=unstable_if action=reinterpret pc=0x00000000038d8bd8 method=java.net.URLStreamHandler.parseURL(Ljava/net/URL;Ljava/lang/String;II)V @ 717
Event: 27.529 Thread 0x0000000002b98000 Uncommon trap: reason=unstable_if action=reinterpret pc=0x000000000383fe84 method=java.net.URLStreamHandler.setURL(Ljava/net/URL;Ljava/lang/String;Ljava/lang/String;ILjava/lang/String;Ljava/lang/String;Ljava/lang/String;Ljava/lang/String;Ljava/lang/String
Event: 27.534 Thread 0x000000001cef5000 Uncommon trap: reason=unstable_if action=reinterpret pc=0x0000000002fa7e90 method=cpw.mods.fml.common.asm.transformers.TerminalTransformer$ExitVisitor.visitMethod(ILjava/lang/String;Ljava/lang/String;Ljava/lang/String;[Ljava/lang/String;)Lorg/objectweb/as
Event: 27.579 Thread 0x000000001cef5000 Uncommon trap: reason=unstable_if action=reinterpret pc=0x00000000032d8204 method=com.jcraft.jogg.Buffer.read(I)I @ 23
Event: 28.302 Thread 0x000000001cef4000 Uncommon trap: reason=class_check action=maybe_recompile pc=0x0000000003585e88 method=java.util.SubList.<init>(Ljava/util/AbstractList;II)V @ 37
Event: 34.758 Thread 0x0000000015fcb800 Uncommon trap: reason=class_check action=maybe_recompile pc=0x00000000039035f0 method=java.util.Hashtable.get(Ljava/lang/Object;)Ljava/lang/Object; @ 6
Event: 34.758 Thread 0x0000000015fcb800 Uncommon trap: reason=class_check action=maybe_recompile pc=0x00000000039035f0 method=java.util.Hashtable.get(Ljava/lang/Object;)Ljava/lang/Object; @ 6

Classes redefined (0 events):
No events

Internal exceptions (10 events):
Event: 21.769 Thread 0x0000000002b98000 Exception <a 'java/io/FileNotFoundException'> (0x00000000cc0bcd60) thrown at [C:\re\workspace\8-2-build-windows-amd64-cygwin\jdk8u231\13620\hotspot\src\share\vm\prims\jni.cpp, line 710]
Event: 22.204 Thread 0x000000001a52f000 Exception <a 'java/net/UnknownHostException': snoop.minecraft.net> (0x00000000c56a9160) thrown at [C:\re\workspace\8-2-build-windows-amd64-cygwin\jdk8u231\13620\hotspot\src\share\vm\prims\jni.cpp, line 736]
Event: 22.204 Thread 0x000000001a52f000 Exception <a 'java/security/PrivilegedActionException'> (0x00000000c56a9468) thrown at [C:\re\workspace\8-2-build-windows-amd64-cygwin\jdk8u231\13620\hotspot\src\share\vm\prims\jvm.cpp, line 1502]
Event: 22.205 Thread 0x000000001a52f000 Exception <a 'java/security/PrivilegedActionException'> (0x00000000c56abac0) thrown at [C:\re\workspace\8-2-build-windows-amd64-cygwin\jdk8u231\13620\hotspot\src\share\vm\prims\jvm.cpp, line 1502]
Event: 22.205 Thread 0x000000001a52f000 Exception <a 'java/security/PrivilegedActionException'> (0x00000000c56abf38) thrown at [C:\re\workspace\8-2-build-windows-amd64-cygwin\jdk8u231\13620\hotspot\src\share\vm\prims\jvm.cpp, line 1502]
Event: 27.529 Thread 0x0000000002b98000 Implicit null exception at 0x00000000038d5445 to 0x00000000038d8b8d
Event: 27.530 Thread 0x000000001cef5000 Exception <a 'java/lang/InterruptedException': sleep interrupted> (0x00000000c5996880) thrown at [C:\re\workspace\8-2-build-windows-amd64-cygwin\jdk8u231\13620\hotspot\src\share\vm\prims\jvm.cpp, line 3336]
Event: 27.554 Thread 0x000000001cef5000 Exception <a 'java/lang/InterruptedException': sleep interrupted> (0x00000000c5deb5e0) thrown at [C:\re\workspace\8-2-build-windows-amd64-cygwin\jdk8u231\13620\hotspot\src\share\vm\prims\jvm.cpp, line 3336]
Event: 27.602 Thread 0x000000001ceee000 Exception <a 'java/lang/InterruptedException': sleep interrupted> (0x00000000c660a4f0) thrown at [C:\re\workspace\8-2-build-windows-amd64-cygwin\jdk8u231\13620\hotspot\src\share\vm\prims\jvm.cpp, line 3336]
Event: 27.602 Thread 0x000000001cef5000 Exception <a 'java/lang/InterruptedException': sleep interrupted> (0x00000000c65cb688) thrown at [C:\re\workspace\8-2-build-windows-amd64-cygwin\jdk8u231\13620\hotspot\src\share\vm\prims\jvm.cpp, line 3288]

Events (10 events):
Event: 34.762 loading class javax/servlet/ServletContext
Event: 34.762 loading class javax/servlet/ServletContext done
Event: 34.763 loading class javax/servlet/ServletContext
Event: 34.763 loading class javax/servlet/ServletContext done
Event: 34.763 Thread 0x000000001ceef800 Thread exited: 0x000000001ceef800
Event: 34.767 Executing VM operation: RevokeBias
Event: 34.767 Executing VM operation: RevokeBias done
Event: 34.767 Thread 0x000000001cef2800 Thread exited: 0x000000001cef2800
Event: 34.793 Thread 0x000000001a109800 Thread exited: 0x000000001a109800
Event: 34.794 Executing VM operation: Exit


Dynamic libraries:
0x00007ff641840000 - 0x00007ff641877000 	C:\Program Files\Java\jdk1.8.0_231\bin\java.exe
0x00007ffbb3970000 - 0x00007ffbb3b68000 	C:\Windows\SYSTEM32\ntdll.dll
0x00007ffbb20f0000 - 0x00007ffbb21ad000 	C:\Windows\System32\KERNEL32.DLL
0x00007ffbb14d0000 - 0x00007ffbb17c6000 	C:\Windows\System32\KERNELBASE.dll
0x00007ffbae460000 - 0x00007ffbae4f0000 	C:\Windows\SYSTEM32\apphelp.dll
0x00007ffbb28f0000 - 0x00007ffbb299f000 	C:\Windows\System32\ADVAPI32.dll
0x00007ffbb37c0000 - 0x00007ffbb385e000 	C:\Windows\System32\msvcrt.dll
0x00007ffbb2a00000 - 0x00007ffbb2a9c000 	C:\Windows\System32\sechost.dll
0x00007ffbb3000000 - 0x00007ffbb3126000 	C:\Windows\System32\RPCRT4.dll
0x00007ffbb2750000 - 0x00007ffbb28ee000 	C:\Windows\System32\USER32.dll
0x00007ffbb13f0000 - 0x00007ffbb1412000 	C:\Windows\System32\win32u.dll
0x00007ffbb3790000 - 0x00007ffbb37bc000 	C:\Windows\System32\GDI32.dll
0x00007ffbb1180000 - 0x00007ffbb129a000 	C:\Windows\System32\gdi32full.dll
0x00007ffbb17d0000 - 0x00007ffbb186d000 	C:\Windows\System32\msvcp_win.dll
0x00007ffbb18a0000 - 0x00007ffbb19a0000 	C:\Windows\System32\ucrtbase.dll
0x00007ffb9dc60000 - 0x00007ffb9defa000 	C:\Windows\WinSxS\amd64_microsoft.windows.common-controls_6595b64144ccf1df_6.0.19041.3636_none_60b6a03d71f818d5\COMCTL32.dll
0x00007ffbb3860000 - 0x00007ffbb3890000 	C:\Windows\System32\IMM32.DLL
0x0000000068ce0000 - 0x0000000068db2000 	C:\Program Files\Java\jdk1.8.0_231\jre\bin\msvcr100.dll
0x0000000067f50000 - 0x00000000687f6000 	C:\Program Files\Java\jdk1.8.0_231\jre\bin\server\jvm.dll
0x00007ffbb3780000 - 0x00007ffbb3788000 	C:\Windows\System32\PSAPI.DLL
0x00007ffb98ac0000 - 0x00007ffb98ae7000 	C:\Windows\SYSTEM32\WINMM.dll
0x00007ffb944d0000 - 0x00007ffb944d9000 	C:\Windows\SYSTEM32\WSOCK32.dll
0x00007ffbb3890000 - 0x00007ffbb38fb000 	C:\Windows\System32\WS2_32.dll
0x00007ffbaa770000 - 0x00007ffbaa77a000 	C:\Windows\SYSTEM32\VERSION.dll
0x00007ffbac9c0000 - 0x00007ffbac9cf000 	C:\Program Files\Java\jdk1.8.0_231\jre\bin\verify.dll
0x00007ffb9a140000 - 0x00007ffb9a169000 	C:\Program Files\Java\jdk1.8.0_231\jre\bin\java.dll
0x00007ffb94740000 - 0x00007ffb94763000 	C:\Program Files\Java\jdk1.8.0_231\jre\bin\instrument.dll
0x00007ffb94720000 - 0x00007ffb94736000 	C:\Program Files\Java\jdk1.8.0_231\jre\bin\zip.dll
0x00007ffbb19a0000 - 0x00007ffbb20e4000 	C:\Windows\System32\SHELL32.dll
0x00007ffbaedc0000 - 0x00007ffbaf55b000 	C:\Windows\SYSTEM32\windows.storage.dll
0x00007ffbb2ca0000 - 0x00007ffbb2ff4000 	C:\Windows\System32\combase.dll
0x00007ffbb0a60000 - 0x00007ffbb0a8d000 	C:\Windows\SYSTEM32\Wldp.dll
0x00007ffbb21b0000 - 0x00007ffbb225d000 	C:\Windows\System32\SHCORE.dll
0x00007ffbb2b30000 - 0x00007ffbb2b85000 	C:\Windows\System32\shlwapi.dll
0x00007ffbb0f50000 - 0x00007ffbb0f75000 	C:\Windows\SYSTEM32\profapi.dll
0x00007ffb946c0000 - 0x00007ffb946da000 	C:\Users\User\AppData\Local\Programs\IntelliJ IDEA Ultimate\bin\breakgen64.dll
0x00007ffb94620000 - 0x00007ffb9463a000 	C:\Program Files\Java\jdk1.8.0_231\jre\bin\net.dll
0x00007ffbb07c0000 - 0x00007ffbb082a000 	C:\Windows\system32\mswsock.dll
0x00007ffbab4b0000 - 0x00007ffbab4bd000 	C:\Program Files\Java\jdk1.8.0_231\jre\bin\management.dll
0x00007ffb94600000 - 0x00007ffb94612000 	C:\Program Files\Java\jdk1.8.0_231\jre\bin\nio.dll
0x00007ffb94500000 - 0x00007ffb94517000 	C:\Windows\system32\napinsp.dll
0x00007ffb26480000 - 0x00007ffb2649b000 	C:\Windows\system32\pnrpnsp.dll
0x00007ffbab710000 - 0x00007ffbab725000 	C:\Windows\system32\wshbth.dll
0x00007ffbac980000 - 0x00007ffbac99d000 	C:\Windows\system32\NLAapi.dll
0x00007ffbb0460000 - 0x00007ffbb049b000 	C:\Windows\SYSTEM32\IPHLPAPI.DLL
0x00007ffbb04b0000 - 0x00007ffbb057a000 	C:\Windows\SYSTEM32\DNSAPI.dll
0x00007ffbb34e0000 - 0x00007ffbb34e8000 	C:\Windows\System32\NSI.dll
0x00007ffb26460000 - 0x00007ffb26472000 	C:\Windows\System32\winrnr.dll
0x00007ffba8df0000 - 0x00007ffba8dfa000 	C:\Windows\System32\rasadhlp.dll
0x00007ffba8320000 - 0x00007ffba83a0000 	C:\Windows\System32\fwpuclnt.dll
0x00007ffbb1870000 - 0x00007ffbb1897000 	C:\Windows\System32\bcrypt.dll
0x0000000180000000 - 0x0000000180051000 	C:\Users\User\.gradle\caches\minecraft\net\minecraft\minecraft_natives\1.7.10\lwjgl64.dll
0x00007ffb7f820000 - 0x00007ffb7f945000 	C:\Windows\SYSTEM32\OPENGL32.dll
0x00007ffb80190000 - 0x00007ffb801bc000 	C:\Windows\SYSTEM32\GLU32.dll
0x00007ffbb09c0000 - 0x00007ffbb09d8000 	C:\Windows\SYSTEM32\CRYPTSP.dll
0x00007ffbb0080000 - 0x00007ffbb00b4000 	C:\Windows\system32\rsaenh.dll
0x00007ffbb0ed0000 - 0x00007ffbb0efe000 	C:\Windows\SYSTEM32\USERENV.dll
0x00007ffbb12f0000 - 0x00007ffbb1372000 	C:\Windows\System32\bcryptprimitives.dll
0x00007ffbb09b0000 - 0x00007ffbb09bc000 	C:\Windows\SYSTEM32\CRYPTBASE.dll
0x00007ffbaa780000 - 0x00007ffbaa797000 	C:\Windows\SYSTEM32\dhcpcsvc6.DLL
0x00007ffbaa3c0000 - 0x00007ffbaa3dd000 	C:\Windows\SYSTEM32\dhcpcsvc.DLL
0x00007ffb74710000 - 0x00007ffb748aa000 	C:\Program Files\Java\jdk1.8.0_231\jre\bin\awt.dll
0x00007ffbb3410000 - 0x00007ffbb34dd000 	C:\Windows\System32\OLEAUT32.dll
0x00007ffbab010000 - 0x00007ffbab0be000 	C:\Windows\SYSTEM32\mscms.dll
0x00007ffbaaa90000 - 0x00007ffbaaaa1000 	C:\Windows\SYSTEM32\ColorAdapterClient.dll
0x00007ffbaf870000 - 0x00007ffbaf882000 	C:\Windows\SYSTEM32\kernel.appcore.dll
0x00007ffbb3670000 - 0x00007ffbb3719000 	C:\Windows\System32\clbcatq.dll
0x00007ffb9f1a0000 - 0x00007ffb9f1e3000 	C:\Windows\System32\Windows.Internal.Graphics.Display.DisplayColorManagement.dll
0x00007ffbb12a0000 - 0x00007ffbb12ee000 	C:\Windows\System32\cfgmgr32.dll
0x00007ffbae630000 - 0x00007ffbae6ce000 	C:\Windows\system32\uxtheme.dll
0x00007ffbb34f0000 - 0x00007ffbb3604000 	C:\Windows\System32\MSCTF.dll
0x00007ffba8f70000 - 0x00007ffba9072000 	C:\Windows\System32\AppXDeploymentClient.dll
0x00007ffb4a700000 - 0x00007ffb4b6ec000 	C:\Windows\System32\DriverStore\FileRepository\iigd_dch.inf_amd64_9b41cef4891594fc\igxelpicd64.dll
0x00007ffbb3130000 - 0x00007ffbb325b000 	C:\Windows\System32\ole32.dll
0x00007ffbae9f0000 - 0x00007ffbaea1f000 	C:\Windows\system32\dwmapi.dll
0x00007ffbaf8e0000 - 0x00007ffbaf9d3000 	C:\Windows\system32\dxgi.dll
0x00007ffb4a420000 - 0x00007ffb4a6fa000 	C:\Windows\System32\DriverStore\FileRepository\iigd_dch.inf_amd64_9b41cef4891594fc\igdml64.dll
0x00007ffba2eb0000 - 0x00007ffba3299000 	C:\Windows\System32\DriverStore\FileRepository\iigd_dch.inf_amd64_9b41cef4891594fc\igdgmm64.dll
0x00007ffba6f00000 - 0x00007ffba6ffa000 	C:\Windows\SYSTEM32\textinputframework.dll
0x00007ffbadeb0000 - 0x00007ffbae20b000 	C:\Windows\System32\CoreUIComponents.dll
0x00007ffbae210000 - 0x00007ffbae302000 	C:\Windows\System32\CoreMessaging.dll
0x00007ffbad7e0000 - 0x00007ffbad935000 	C:\Windows\SYSTEM32\wintypes.dll
0x00007ffbb01c0000 - 0x00007ffbb01f3000 	C:\Windows\SYSTEM32\ntmarta.dll
0x00007ffb91620000 - 0x00007ffb91663000 	C:\Windows\SYSTEM32\icm32.dll
0x00007ffb9f770000 - 0x00007ffba2ea7000 	C:\Windows\System32\DriverStore\FileRepository\iigd_dch.inf_amd64_9b41cef4891594fc\igc64.dll
0x00007ffbb05d0000 - 0x00007ffbb061b000 	C:\Windows\SYSTEM32\powrprof.dll
0x00007ffbb0440000 - 0x00007ffbb0452000 	C:\Windows\SYSTEM32\UMPDC.dll
0x0000000070a40000 - 0x0000000070adc000 	C:\Users\User\.gradle\caches\minecraft\net\minecraft\minecraft_natives\1.7.10\avutil-ttv-51.dll
0x0000000065980000 - 0x00000000659d6000 	C:\Users\User\.gradle\caches\minecraft\net\minecraft\minecraft_natives\1.7.10\swresample-ttv-0.dll
0x000000006eb80000 - 0x000000006ec50000 	C:\Users\User\.gradle\caches\minecraft\net\minecraft\minecraft_natives\1.7.10\libmp3lame-ttv.dll
0x00007ffb46360000 - 0x00007ffb47704000 	C:\Users\User\.gradle\caches\minecraft\net\minecraft\minecraft_natives\1.7.10\libmfxsw64.dll
0x00007ffb59670000 - 0x00007ffb5979b000 	C:\Users\User\.gradle\caches\minecraft\net\minecraft\minecraft_natives\1.7.10\twitchsdk.dll
0x00007ffb9d6c0000 - 0x00007ffb9db96000 	C:\Windows\SYSTEM32\WININET.dll
0x000000002af50000 - 0x000000002afb4000 	C:\Users\User\.gradle\caches\minecraft\net\minecraft\minecraft_natives\1.7.10\OpenAL64.dll
0x00007ffba9080000 - 0x00007ffba9105000 	C:\Windows\System32\MMDevApi.dll
0x00007ffbb0db0000 - 0x00007ffbb0de3000 	C:\Windows\System32\DEVOBJ.dll
0x00007ffb5cc70000 - 0x00007ffb5cd0c000 	C:\Windows\SYSTEM32\dsound.dll
0x00007ffb96090000 - 0x00007ffb960b6000 	C:\Windows\SYSTEM32\winmmbase.dll
0x00007ffba93a0000 - 0x00007ffba9522000 	C:\Windows\SYSTEM32\AUDIOSES.DLL
0x00007ffbae710000 - 0x00007ffbae724000 	C:\Windows\SYSTEM32\resourcepolicyclient.dll
0x00007ffbaf560000 - 0x00007ffbaf744000 	C:\Windows\SYSTEM32\dbghelp.dll

VM Arguments:
jvm_args: -Xincgc -Xmx1024M -Xms1024M -javaagent:C:\Users\User\AppData\Local\Programs\IntelliJ IDEA Ultimate\lib\idea_rt.jar=56395:C:\Users\User\AppData\Local\Programs\IntelliJ IDEA Ultimate\bin -Dfile.encoding=UTF-8 
java_command: GradleStart --username=vlade1k
java_class_path (initial): C:\Program Files\Java\jdk1.8.0_231\jre\lib\charsets.jar;C:\Program Files\Java\jdk1.8.0_231\jre\lib\deploy.jar;C:\Program Files\Java\jdk1.8.0_231\jre\lib\ext\access-bridge-64.jar;C:\Program Files\Java\jdk1.8.0_231\jre\lib\ext\cldrdata.jar;C:\Program Files\Java\jdk1.8.0_231\jre\lib\ext\dnsns.jar;C:\Program Files\Java\jdk1.8.0_231\jre\lib\ext\jaccess.jar;C:\Program Files\Java\jdk1.8.0_231\jre\lib\ext\jfxrt.jar;C:\Program Files\Java\jdk1.8.0_231\jre\lib\ext\localedata.jar;C:\Program Files\Java\jdk1.8.0_231\jre\lib\ext\nashorn.jar;C:\Program Files\Java\jdk1.8.0_231\jre\lib\ext\sunec.jar;C:\Program Files\Java\jdk1.8.0_231\jre\lib\ext\sunjce_provider.jar;C:\Program Files\Java\jdk1.8.0_231\jre\lib\ext\sunmscapi.jar;C:\Program Files\Java\jdk1.8.0_231\jre\lib\ext\sunpkcs11.jar;C:\Program Files\Java\jdk1.8.0_231\jre\lib\ext\zipfs.jar;C:\Program Files\Java\jdk1.8.0_231\jre\lib\javaws.jar;C:\Program Files\Java\jdk1.8.0_231\jre\lib\jce.jar;C:\Program Files\Java\jdk1.8.0_231\jre\lib\jfr.jar;C:\Program Files\Java\jdk1.8.0_231\jre\lib\jfxswt.jar;C:\Program Files\Java\jdk1.8.0_231\jre\lib\jsse.jar;C:\Program Files\Java\jdk1.8.0_231\jre\lib\management-agent.jar;C:\Program Files\Java\jdk1.8.0_231\jre\lib\plugin.jar;C:\Program Files\Java\jdk1.8.0_231\jre\lib\resources.jar;C:\Program Files\Java\jdk1.8.0_231\jre\lib\rt.jar;C:\ChestMode\out\production\ChestMode.main;C:\Users\User\.gradle\caches\minecraft\net\minecraftforge\forge\1.7.10-10.13.4.1614-1.7.10\forgeSrc-1.7.10-10.13.4.1614-1.7.10.jar;C:\Users\User\.gradle\caches\modules-2\files-2.1\net.minecraft\launchwrapper\1.12\111e7bea9c968cdb3d06ef4632bf7ff0824d0f36\launchwrapper-1.12.jar;C:\Users\User\.gradle\caches\modules-2\files-2.1\com.google.code.findbugs\jsr305\1.3.9\40719ea6961c0cb6afaeb6a921eaa1f6afd4cfdf\jsr305-1.3.9.jar;C:\Users\User\.gradle\caches\minecraft\net\minecraftforge\forge\1.7.10-10.13.4.1614-1.7.10\start;C:\Users\User\.gradle\caches\modules-2\files-2.1\org.ow2.asm\asm-debug-all\5.0.3\f9e364
Launcher Type: SUN_STANDARD

Environment Variables:
JAVA_HOME=C:\Program Files\Java\jdk1.8.0_231\
PATH=C:\Program Files (x86)\Common Files\Oracle\Java\javapath;C:\ProgramData\Oracle\Java\javapath;C:\Program Files\Common Files\Oracle\Java\javapath;C:\Program Files\Microsoft\jdk-11.0.12.7-hotspot\bin;C:\Windows\system32;C:\Windows;C:\Windows\System32\Wbem;C:\Windows\System32\WindowsPowerShell\v1.0\;C:\Windows\System32\OpenSSH\;C:\Program Files\dotnet\;C:\Program Files\Java\jdk1.8.0_231\bin;C:\Windows\System32;C:\Program Files\MySQL\MySQL Shell 8.0\bin\;C:\Users\User\AppData\Local\Programs\Python\Python311\Scripts\;C:\Users\User\AppData\Local\Programs\Python\Python311\;C:\Users\User\AppData\Local\Microsoft\WindowsApps;C:\Users\User\.dotnet\tools;C:\Program Files\JetBrains\IntelliJ IDEA 2023.1.3\bin;;C:\Program Files\JetBrains\PyCharm 2023.2.1\bin;
USERNAME=User
OS=Windows_NT
PROCESSOR_IDENTIFIER=Intel64 Family 6 Model 140 Stepping 1, GenuineIntel



---------------  S Y S T E M  ---------------

OS: Windows 10.0 , 64 bit Build 19041 (10.0.19041.3636)

CPU:total 4 (initial active 4) (2 cores per cpu, 2 threads per core) family 6 model 140 stepping 1, cmov, cx8, fxsr, mmx, sse, sse2, sse3, ssse3, sse4.1, sse4.2, popcnt, avx, avx2, aes, clmul, erms, 3dnowpref, lzcnt, ht, tsc, tscinvbit, bmi1, bmi2, adx

Memory: 4k page, physical 3988792k(283696k free), swap 14987084k(1976604k free)

vm_info: Java HotSpot(TM) 64-Bit Server VM (25.231-b11) for windows-amd64 JRE (1.8.0_231-b11), built on Oct  5 2019 03:11:30 by "java_re" with MS VC++ 10.0 (VS2010)

time: Wed Nov 22 23:13:58 2023
timezone: RTZ 2 (зима)
elapsed time: 35 seconds (0d 0h 0m 35s)

